<?xml version="1.0" encoding="UTF-8"?>
<!-- Generated by org.testng.reporters.JUnitXMLReporter -->
<testsuite hostname="DESKTOP-F7NBUAN" ignored="0" name="OpenCart Tests" tests="29" failures="3" timestamp="2021-04-05T14:55:41 MST" time="510.871" errors="0">
  <testcase name="test_productcompare" time="17.335" classname="testCases.TC_006_ProductCompare"/>
  <testcase name="test_LoginDDT" time="13.74" classname="testCases.TC_003_LoginDDT">
    <failure type="java.lang.AssertionError" message="expected [true] but found [false]">
      <![CDATA[java.lang.AssertionError: expected [true] but found [false]
at testCases.TC_003_LoginDDT.test_LoginDDT(TC_003_LoginDDT.java:65)
at java.util.ArrayList.forEach(ArrayList.java:1259)
at java.util.concurrent.FutureTask.run(FutureTask.java:266)
at java.util.concurrent.ThreadPoolExecutor.runWorker(ThreadPoolExecutor.java:1149)
at java.util.concurrent.ThreadPoolExecutor$Worker.run(ThreadPoolExecutor.java:624)
at java.lang.Thread.run(Thread.java:748)
... Removed 22 stack frames]]>
    </failure>
  </testcase> <!-- test_LoginDDT -->
  <testcase name="test_LoginDDT" time="11.646" classname="testCases.TC_003_LoginDDT"/>
  <testcase name="test_LoginDDT" time="11.682" classname="testCases.TC_003_LoginDDT"/>
  <testcase name="test_LoginDDT" time="11.703" classname="testCases.TC_003_LoginDDT"/>
  <testcase name="test_addcart" time="10.714" classname="testCases.TC_005_Addcart">
    <failure type="java.lang.AssertionError" message="expected [true] but found [false]">
      <![CDATA[java.lang.AssertionError: expected [true] but found [false]
at testCases.TC_005_Addcart.test_addcart(TC_005_Addcart.java:59)
at java.util.ArrayList.forEach(ArrayList.java:1259)
at java.util.concurrent.FutureTask.run(FutureTask.java:266)
at java.util.concurrent.ThreadPoolExecutor.runWorker(ThreadPoolExecutor.java:1149)
at java.util.concurrent.ThreadPoolExecutor$Worker.run(ThreadPoolExecutor.java:624)
at java.lang.Thread.run(Thread.java:748)
... Removed 22 stack frames]]>
    </failure>
  </testcase> <!-- test_addcart -->
  <testcase name="test_search" time="15.866" classname="testCases.TC_004Search"/>
  <testcase name="test_wishlist" time="26.593" classname="testCases.TC_007_WishList"/>
  <testcase name="test_forgotpassword" time="12.976" classname="testCases.TC_009_ForgotPassword"/>
  <testcase name="test_productdisplay" time="16.771" classname="testCases.TC_008_ProductDisplayPage"/>
  <testcase name="test_ShoppingCart" time="39.626" classname="testCases.TC_010_ShoppingCart"/>
  <testcase name="test_checkout" time="17.568" classname="testCases.TC_011_Checkout">
    <failure type="java.lang.AssertionError" message="expected [true] but found [false]">
      <![CDATA[java.lang.AssertionError: expected [true] but found [false]
at testCases.TC_011_Checkout.test_checkout(TC_011_Checkout.java:57)
at java.util.ArrayList.forEach(ArrayList.java:1259)
at java.util.concurrent.FutureTask.run(FutureTask.java:266)
at java.util.concurrent.ThreadPoolExecutor.runWorker(ThreadPoolExecutor.java:1149)
at java.util.concurrent.ThreadPoolExecutor$Worker.run(ThreadPoolExecutor.java:624)
at java.lang.Thread.run(Thread.java:748)
... Removed 22 stack frames]]>
    </failure>
  </testcase> <!-- test_checkout -->
  <testcase name="test_Myaccount" time="17.416" classname="testCases.TC_012_MyAccount"/>
  <testcase name="test_MyAccountInformation" time="15.412" classname="testCases.TC_013_MyAccountInformation"/>
  <testcase name="test_changepassword" time="16.975" classname="testCases.TC_014_ChangePassword"/>
  <testcase name="test_Addressbook" time="14.495" classname="testCases.TC_015_AddressBook"/>
  <testcase name="test_OrderHistory" time="11.249" classname="testCases.TC_016_OderHistory"/>
  <testcase name="test_downloads" time="12.956" classname="testCases.TC_017_Downloads"/>
  <testcase name="test_RewardPoint" time="12.064" classname="testCases.TC_018_RewardPoints"/>
  <testcase name="test_Returns" time="11.902" classname="testCases.TC_019_Returns"/>
  <testcase name="test_transections" time="12.501" classname="testCases.TC_020_Transections"/>
  <testcase name="test_RecurringPayment" time="12.016" classname="testCases.TC_021_RecurringPayment"/>
  <testcase name="test_Newletter" time="19.127" classname="testCases.TC_022_Newsletter"/>
  <testcase name="test_Newletter" time="16.617" classname="testCases.TC_023_Affiliate"/>
  <testcase name="test_contactus" time="17.096" classname="testCases.TC_024_ContactUs"/>
  <testcase name="test_contactus" time="14.226" classname="testCases.TC_025_SpecialOffer"/>
  <testcase name="test_HeaderFooterMenuOptions" time="13.836" classname="testCases.TC_026_HeaderMenuFooterOptions"/>
  <testcase name="test_HeaderFooterMenuOptions" time="17.425" classname="testCases.TC_027_GiftCertificate"/>
  <testcase name="test_currency" time="13.294" classname="testCases.TC_028_Currency"/>
</testsuite> <!-- OpenCart Tests -->
