<?xml version="1.0" encoding="UTF-8"?>
<!-- Generated by org.testng.reporters.JUnitXMLReporter -->
<testsuite hostname="DESKTOP-F7NBUAN" ignored="0" name="OpenCart Tests(failed)" tests="2" failures="1" timestamp="2021-03-24T01:39:03 MST" time="25.821" errors="0">
  <testcase name="test_account_Registration" time="10.681" classname="testCases.TC_001_AccountRegistration">
    <failure type="java.lang.AssertionError" message="expected [true] but found [false]">
      <![CDATA[java.lang.AssertionError: expected [true] but found [false]
at testCases.TC_001_AccountRegistration.test_account_Registration(TC_001_AccountRegistration.java:81)
at java.util.ArrayList.forEach(Unknown Source)
at java.util.concurrent.FutureTask.run(Unknown Source)
at java.util.concurrent.ThreadPoolExecutor.runWorker(Unknown Source)
at java.util.concurrent.ThreadPoolExecutor$Worker.run(Unknown Source)
at java.lang.Thread.run(Unknown Source)
... Removed 22 stack frames]]>
    </failure>
  </testcase> <!-- test_account_Registration -->
  <testcase name="test_Login" time="10.707" classname="testCases.TC_002_Login"/>
</testsuite> <!-- OpenCart Tests(failed) -->
